-------------------------------------------------------------------------------
Test set: it.unipd.mtss.IntegerToRomanTest
-------------------------------------------------------------------------------
Tests run: 11, Failures: 11, Errors: 0, Skipped: 0, Time elapsed: 0.002 s <<< FAILURE! - in it.unipd.mtss.IntegerToRomanTest
testIntegerToRomanNumberNegativeNumber(it.unipd.mtss.IntegerToRomanTest)  Time elapsed: 0.001 s  <<< FAILURE!
junit.framework.AssertionFailedError
	at it.unipd.mtss.IntegerToRomanTest.testIntegerToRomanNumberNegativeNumber(IntegerToRomanTest.java:127)

testIntegerToRomanFirstTwentyNumber(it.unipd.mtss.IntegerToRomanTest)  Time elapsed: 0 s  <<< FAILURE!
junit.framework.ComparisonFailure: expected:<XV> but was:<null>
	at it.unipd.mtss.IntegerToRomanTest.testIntegerToRomanFirstTwentyNumber(IntegerToRomanTest.java:52)

testIntegerToRomanNumberZero(it.unipd.mtss.IntegerToRomanTest)  Time elapsed: 0 s  <<< FAILURE!
junit.framework.AssertionFailedError
	at it.unipd.mtss.IntegerToRomanTest.testIntegerToRomanNumberZero(IntegerToRomanTest.java:113)

testIntegerToRomanDefaultCase(it.unipd.mtss.IntegerToRomanTest)  Time elapsed: 0 s  <<< FAILURE!
junit.framework.ComparisonFailure: expected:<M> but was:<null>
	at it.unipd.mtss.IntegerToRomanTest.testIntegerToRomanDefaultCase(IntegerToRomanTest.java:15)

testIntegerToRomanFirstThreeNumber(it.unipd.mtss.IntegerToRomanTest)  Time elapsed: 0 s  <<< FAILURE!
junit.framework.ComparisonFailure: expected:<II> but was:<null>
	at it.unipd.mtss.IntegerToRomanTest.testIntegerToRomanFirstThreeNumber(IntegerToRomanTest.java:35)

testIntegerToRomanFirstHundredNumber(it.unipd.mtss.IntegerToRomanTest)  Time elapsed: 0 s  <<< FAILURE!
junit.framework.ComparisonFailure: expected:<LI> but was:<null>
	at it.unipd.mtss.IntegerToRomanTest.testIntegerToRomanFirstHundredNumber(IntegerToRomanTest.java:74)

testIntegerToRomanFirstFiftyNumber(it.unipd.mtss.IntegerToRomanTest)  Time elapsed: 0 s  <<< FAILURE!
junit.framework.ComparisonFailure: expected:<XXIX> but was:<null>
	at it.unipd.mtss.IntegerToRomanTest.testIntegerToRomanFirstFiftyNumber(IntegerToRomanTest.java:63)

testIntegerToRomanFirstFiveHundredNumber(it.unipd.mtss.IntegerToRomanTest)  Time elapsed: 0 s  <<< FAILURE!
junit.framework.ComparisonFailure: expected:<CII> but was:<null>
	at it.unipd.mtss.IntegerToRomanTest.testIntegerToRomanFirstFiveHundredNumber(IntegerToRomanTest.java:85)

testIntegerToRomanSixThreeNumber(it.unipd.mtss.IntegerToRomanTest)  Time elapsed: 0 s  <<< FAILURE!
junit.framework.ComparisonFailure: expected:<VI> but was:<null>
	at it.unipd.mtss.IntegerToRomanTest.testIntegerToRomanSixThreeNumber(IntegerToRomanTest.java:43)

testIntegerToRomanFirstThousandNumber(it.unipd.mtss.IntegerToRomanTest)  Time elapsed: 0 s  <<< FAILURE!
junit.framework.ComparisonFailure: expected:<DIII> but was:<null>
	at it.unipd.mtss.IntegerToRomanTest.testIntegerToRomanFirstThousandNumber(IntegerToRomanTest.java:96)

testIntegerToRomanNumberOutOfBound(it.unipd.mtss.IntegerToRomanTest)  Time elapsed: 0 s  <<< FAILURE!
junit.framework.AssertionFailedError
	at it.unipd.mtss.IntegerToRomanTest.testIntegerToRomanNumberOutOfBound(IntegerToRomanTest.java:141)

