<?xml version="1.0" encoding="UTF-8"?>
<testsuite xmlns:xsi="http://www.w3.org/2001/XMLSchema-instance" xsi:noNamespaceSchemaLocation="https://maven.apache.org/surefire/maven-surefire-plugin/xsd/surefire-test-report.xsd" name="it.unipd.mtss.IntegerToRomanTest" time="0.002" tests="11" errors="0" skipped="0" failures="0">
  <properties>
[...]
</properties>
  <testcase name="testIntegerToRomanNumberNegativeNumber" classname="it.unipd.mtss.IntegerToRomanTest" time="0"/>
  <testcase name="testIntegerToRomanFirstTwentyNumber" classname="it.unipd.mtss.IntegerToRomanTest" time="0"/>
  <testcase name="testIntegerToRomanNumberZero" classname="it.unipd.mtss.IntegerToRomanTest" time="0"/>
  <testcase name="testIntegerToRomanDefaultCase" classname="it.unipd.mtss.IntegerToRomanTest" time="0.001"/>
  <testcase name="testIntegerToRomanFirstThreeNumber" classname="it.unipd.mtss.IntegerToRomanTest" time="0"/>
  <testcase name="testIntegerToRomanFirstHundredNumber" classname="it.unipd.mtss.IntegerToRomanTest" time="0"/>
  <testcase name="testIntegerToRomanFirstFiftyNumber" classname="it.unipd.mtss.IntegerToRomanTest" time="0"/>
  <testcase name="testIntegerToRomanFirstFiveHundredNumber" classname="it.unipd.mtss.IntegerToRomanTest" time="0"/>
  <testcase name="testIntegerToRomanSixThreeNumber" classname="it.unipd.mtss.IntegerToRomanTest" time="0"/>
  <testcase name="testIntegerToRomanFirstThousandNumber" classname="it.unipd.mtss.IntegerToRomanTest" time="0"/>
  <testcase name="testIntegerToRomanNumberOutOfBound" classname="it.unipd.mtss.IntegerToRomanTest" time="0"/>
</testsuite>